<?xml version="1.0" encoding="UTF-8"?>
<testsuites name="jest tests" tests="2" failures="0" errors="0" time="2.73">
  <testsuite name="MONGODB connection" errors="0" failures="0" skipped="0" timestamp="2025-05-13T03:11:38" time="2.583" tests="2">
    <testcase classname="MONGODB connection Connect to the collection and find user" name="MONGODB connection Connect to the collection and find user" time="0.05">
    </testcase>
    <testcase classname="MONGODB connection Create new user with imported data" name="MONGODB connection Create new user with imported data" time="0.494">
    </testcase>
  </testsuite>
</testsuites>