<?xml version="1.0" encoding="UTF-8"?>
<testsuites name="jest tests" tests="4" failures="0" errors="0" time="2.419">
  <testsuite name="USER SIGN UP" errors="0" failures="0" skipped="0" timestamp="2025-05-09T02:30:02" time="2.272" tests="4">
    <testcase classname="USER SIGN UP POSITIVE TESTING with async/await should sign up a new user" name="USER SIGN UP POSITIVE TESTING with async/await should sign up a new user" time="0.372">
    </testcase>
    <testcase classname="USER SIGN UP POSITIVE TESTING with .then should sign up a new user" name="USER SIGN UP POSITIVE TESTING with .then should sign up a new user" time="0.332">
    </testcase>
    <testcase classname="USER SIGN UP POSITIVE TESTING with .end() amd done() should sign up a new user" name="USER SIGN UP POSITIVE TESTING with .end() amd done() should sign up a new user" time="0.343">
    </testcase>
    <testcase classname="USER SIGN UP NEGATIVE TESTING should sign up a new user" name="USER SIGN UP NEGATIVE TESTING should sign up a new user" time="0">
    </testcase>
  </testsuite>
</testsuites>